[08-Mar-2024 01:09:02 UTC] PHP Warning:  Attempt to read property "title" on null in C:\Users\miaqu\Local Sites\mias-personal-site\app\public\wp-includes\class-wp-customize-widgets.php on line 905
[08-Mar-2024 22:50:08 UTC] PHP Warning:  Attempt to read property "title" on null in C:\Users\miaqu\Local Sites\mias-personal-site\app\public\wp-includes\class-wp-customize-widgets.php on line 905
[10-Mar-2024 03:03:04 UTC] PHP Warning:  Attempt to read property "title" on null in C:\Users\miaqu\Local Sites\mias-personal-site\app\public\wp-includes\class-wp-customize-widgets.php on line 905
[10-Mar-2024 14:48:07 UTC] PHP Warning:  file_put_contents(http://mias-personal-site.local/wp-content/uploads/2024/03/curlynoods-c-150x150.jpg): Failed to open stream: HTTP wrapper does not support writeable connections in C:\Users\miaqu\Local Sites\mias-personal-site\app\public\wp-includes\class-wp-image-editor-imagick.php on line 860
[25-Apr-2024 21:04:51 UTC] PHP Warning:  Attempt to read property "title" on null in C:\Users\miaqu\Local Sites\mias-personal-site\app\public\wp-includes\class-wp-customize-widgets.php on line 905
[25-Apr-2024 21:05:26 UTC] PHP Warning:  Attempt to read property "title" on null in C:\Users\miaqu\Local Sites\mias-personal-site\app\public\wp-includes\class-wp-customize-widgets.php on line 905
[25-Apr-2024 21:05:42 UTC] PHP Warning:  Attempt to read property "title" on null in C:\Users\miaqu\Local Sites\mias-personal-site\app\public\wp-includes\class-wp-customize-widgets.php on line 905
[25-Apr-2024 21:54:54 UTC] PHP Warning:  Attempt to read property "title" on null in C:\Users\miaqu\Local Sites\mias-personal-site\app\public\wp-includes\class-wp-customize-widgets.php on line 905
[25-Apr-2024 22:48:22 UTC] PHP Warning:  Attempt to read property "title" on null in C:\Users\miaqu\Local Sites\mias-personal-site\app\public\wp-includes\class-wp-customize-widgets.php on line 905
[25-Apr-2024 23:38:53 UTC] PHP Warning:  Attempt to read property "title" on null in C:\Users\miaqu\Local Sites\mias-personal-site\app\public\wp-includes\class-wp-customize-widgets.php on line 905
[25-Apr-2024 23:39:02 UTC] PHP Warning:  Attempt to read property "title" on null in C:\Users\miaqu\Local Sites\mias-personal-site\app\public\wp-includes\class-wp-customize-widgets.php on line 905
[25-Apr-2024 23:42:44 UTC] PHP Warning:  Undefined array key "editor_post_id" in C:\Users\miaqu\Local Sites\mias-personal-site\app\public\wp-content\plugins\elementor\includes\managers\widgets.php on line 378
[26-Apr-2024 02:43:02 UTC] PHP Fatal error:  Uncaught Error: Call to undefined function get_file_theme_uri() in C:\Users\miaqu\Local Sites\mias-personal-site\app\public\wp-content\themes\mytheme\header.php:15
Stack trace:
#0 C:\Users\miaqu\Local Sites\mias-personal-site\app\public\wp-includes\template.php(790): require_once()
#1 C:\Users\miaqu\Local Sites\mias-personal-site\app\public\wp-includes\template.php(725): load_template('C:\\Users\\miaqu\\...', true, Array)
#2 C:\Users\miaqu\Local Sites\mias-personal-site\app\public\wp-includes\general-template.php(48): locate_template(Array, true, true, Array)
#3 C:\Users\miaqu\Local Sites\mias-personal-site\app\public\wp-content\themes\mytheme\index.php(2): get_header()
#4 C:\Users\miaqu\Local Sites\mias-personal-site\app\public\wp-includes\template-loader.php(106): include('C:\\Users\\miaqu\\...')
#5 C:\Users\miaqu\Local Sites\mias-personal-site\app\public\wp-blog-header.php(19): require_once('C:\\Users\\miaqu\\...')
#6 C:\Users\miaqu\Local Sites\mias-personal-site\app\public\index.php(17): require('C:\\Users\\miaqu\\...')
#7 {main}
  thrown in C:\Users\miaqu\Local Sites\mias-personal-site\app\public\wp-content\themes\mytheme\header.php on line 15
[26-Apr-2024 02:43:04 UTC] PHP Fatal error:  Uncaught Error: Call to undefined function get_file_theme_uri() in C:\Users\miaqu\Local Sites\mias-personal-site\app\public\wp-content\themes\mytheme\header.php:15
Stack trace:
#0 C:\Users\miaqu\Local Sites\mias-personal-site\app\public\wp-includes\template.php(790): require_once()
#1 C:\Users\miaqu\Local Sites\mias-personal-site\app\public\wp-includes\template.php(725): load_template('C:\\Users\\miaqu\\...', true, Array)
#2 C:\Users\miaqu\Local Sites\mias-personal-site\app\public\wp-includes\general-template.php(48): locate_template(Array, true, true, Array)
#3 C:\Users\miaqu\Local Sites\mias-personal-site\app\public\wp-content\themes\mytheme\index.php(2): get_header()
#4 C:\Users\miaqu\Local Sites\mias-personal-site\app\public\wp-includes\template-loader.php(106): include('C:\\Users\\miaqu\\...')
#5 C:\Users\miaqu\Local Sites\mias-personal-site\app\public\wp-blog-header.php(19): require_once('C:\\Users\\miaqu\\...')
#6 C:\Users\miaqu\Local Sites\mias-personal-site\app\public\index.php(17): require('C:\\Users\\miaqu\\...')
#7 {main}
  thrown in C:\Users\miaqu\Local Sites\mias-personal-site\app\public\wp-content\themes\mytheme\header.php on line 15
[26-Apr-2024 14:19:14 UTC] PHP Warning:  Attempt to read property "title" on null in C:\Users\miaqu\Local Sites\mias-personal-site\app\public\wp-includes\class-wp-customize-widgets.php on line 905
[26-Apr-2024 21:54:54 UTC] PHP Warning:  Undefined array key "file" in C:\Users\miaqu\Local Sites\mias-personal-site\app\public\wp-includes\media.php on line 1734
[26-Apr-2024 21:55:24 UTC] PHP Warning:  Undefined array key "file" in C:\Users\miaqu\Local Sites\mias-personal-site\app\public\wp-includes\media.php on line 1734
[26-Apr-2024 21:55:25 UTC] PHP Warning:  Undefined array key "file" in C:\Users\miaqu\Local Sites\mias-personal-site\app\public\wp-includes\media.php on line 1734
[26-Apr-2024 21:56:23 UTC] PHP Warning:  Undefined array key "file" in C:\Users\miaqu\Local Sites\mias-personal-site\app\public\wp-includes\media.php on line 1734
[26-Apr-2024 21:56:25 UTC] PHP Warning:  Undefined array key "file" in C:\Users\miaqu\Local Sites\mias-personal-site\app\public\wp-includes\media.php on line 1734
[26-Apr-2024 22:02:56 UTC] PHP Warning:  Undefined array key "file" in C:\Users\miaqu\Local Sites\mias-personal-site\app\public\wp-includes\media.php on line 1734
[26-Apr-2024 22:04:00 UTC] PHP Warning:  Undefined array key "file" in C:\Users\miaqu\Local Sites\mias-personal-site\app\public\wp-includes\media.php on line 1734
[26-Apr-2024 22:04:14 UTC] PHP Warning:  Undefined array key "file" in C:\Users\miaqu\Local Sites\mias-personal-site\app\public\wp-includes\media.php on line 1734
[26-Apr-2024 22:17:59 UTC] PHP Warning:  Attempt to read property "title" on null in C:\Users\miaqu\Local Sites\mias-personal-site\app\public\wp-includes\class-wp-customize-widgets.php on line 905
